=== shape 1024^3 on 4 GPUs ===
ASPP wave simulator starting
Process geometry: [2, 2, 1]
Initialising CPU simulation from parameters...
Grid shape: [512, 512, 512]
Grid spacing: 10 m
Time step: 0.002 s
Number of steps: 100
Output period: 10
Initial pressure field is pulse in middle of domain
Speed of sound is simple ocean depth model
Damping field to avoid reflections in x & y directions (large quiet ocean)
IO off, skipping
Initialising CUDA simulation as copy of CPU...
IO off, skipping
Starting run with CPU, timing in 10 chunks
Chunk 0, length = 10, time = 0.9826984 s
Chunk 1, length = 10, time = 0.9810147 s
Chunk 2, length = 10, time = 0.9766184 s
Chunk 3, length = 10, time = 0.98490185 s
Chunk 4, length = 10, time = 0.9861326 s
Chunk 5, length = 10, time = 0.9758277 s
Chunk 6, length = 10, time = 0.9791118 s
Chunk 7, length = 10, time = 0.97941816 s
Chunk 8, length = 10, time = 0.9759504 s
Chunk 9, length = 10, time = 0.97187865 s
Starting run with CUDA, timing in 10 chunks
Chunk 0, length = 10, time = 0.17011027 s
Chunk 1, length = 10, time = 0.16745368 s
Chunk 2, length = 10, time = 0.16804567 s
Chunk 3, length = 10, time = 0.16798368 s
Chunk 4, length = 10, time = 0.16696861 s
Chunk 5, length = 10, time = 0.16714126 s
Chunk 6, length = 10, time = 0.16777845 s
Chunk 7, length = 10, time = 0.16787116 s
Chunk 8, length = 10, time = 0.16765003 s
Chunk 9, length = 10, time = 0.16768116 s
Checking CUDA results...
Number of differences detected = 0
Summary for CPU
Run time / seconds
min = 9.719e-01, max = 9.861e-01, mean = 9.794e-01, std = 4.446e-03
Performance / (site updates per second)
min = 1.361e+09, max = 1.381e+09, mean = 1.371e+09, std = 6.222e+06
Summary for CUDA
Run time / seconds
min = 1.670e-01, max = 1.701e-01, mean = 1.679e-01, std = 8.612e-04
Performance / (site updates per second)
min = 7.890e+09, max = 8.039e+09, mean = 7.996e+09, std = 4.065e+07
Mon Apr 20 15:55:52 2026       
+-----------------------------------------------------------------------------------------+
| NVIDIA-SMI 570.124.06             Driver Version: 570.124.06     CUDA Version: 13.0     |
|-----------------------------------------+------------------------+----------------------+
| GPU  Name                 Persistence-M | Bus-Id          Disp.A | Volatile Uncorr. ECC |
| Fan  Temp   Perf          Pwr:Usage/Cap |           Memory-Usage | GPU-Util  Compute M. |
|                                         |                        |               MIG M. |
|=========================================+========================+======================|
|   0  NVIDIA A100-SXM4-80GB          Off |   00000000:05:00.0 Off |                    0 |
| N/A   35C    P0            113W /  400W |       1MiB /  81920MiB |      0%      Default |
|                                         |                        |             Disabled |
+-----------------------------------------+------------------------+----------------------+
|   1  NVIDIA A100-SXM4-80GB          Off |   00000000:06:00.0 Off |                    0 |
| N/A   37C    P0            114W /  400W |       1MiB /  81920MiB |      0%      Default |
|                                         |                        |             Disabled |
+-----------------------------------------+------------------------+----------------------+
|   2  NVIDIA A100-SXM4-80GB          Off |   00000000:07:00.0 Off |                    0 |
| N/A   34C    P0            113W /  400W |       1MiB /  81920MiB |      6%      Default |
|                                         |                        |             Disabled |
+-----------------------------------------+------------------------+----------------------+
|   3  NVIDIA A100-SXM4-80GB          Off |   00000000:08:00.0 Off |                    0 |
| N/A   37C    P0            116W /  400W |       1MiB /  81920MiB |      0%      Default |
|                                         |                        |             Disabled |
+-----------------------------------------+------------------------+----------------------+
                                                                                         
+-----------------------------------------------------------------------------------------+
| Processes:                                                                              |
|  GPU   GI   CI              PID   Type   Process name                        GPU Memory |
|        ID   ID                                                               Usage      |
|=========================================================================================|
|  No running processes found                                                             |
+-----------------------------------------------------------------------------------------+
