=== shape 1024^3 on 4 GPUs ===
ASPP wave simulator starting
Process geometry: [1, 1, 1]
Initialising CPU simulation from parameters...
Grid shape: [256, 256, 256]
Grid spacing: 10 m
Time step: 0.002 s
Number of steps: 100
Output period: 10
Initial pressure field is pulse in middle of domain
Speed of sound is simple ocean depth model
Damping field to avoid reflections in x & y directions (large quiet ocean)
IO off, skipping
Initialising CUDA simulation as copy of CPU...
IO off, skipping
Starting run with CPU, timing in 10 chunks
Chunk 0, length = 10, time = 0.4601309 s
Chunk 1, length = 10, time = 0.45210496 s
Chunk 2, length = 10, time = 0.45038152 s
Chunk 3, length = 10, time = 0.45502374 s
Chunk 4, length = 10, time = 0.46298456 s
Chunk 5, length = 10, time = 0.47558895 s
Chunk 6, length = 10, time = 0.47760063 s
Chunk 7, length = 10, time = 0.4803876 s
Chunk 8, length = 10, time = 0.47482663 s
Chunk 9, length = 10, time = 0.45037776 s
Starting run with CUDA, timing in 10 chunks
Chunk 0, length = 10, time = 0.04772186 s
Chunk 1, length = 10, time = 0.044734735 s
Chunk 2, length = 10, time = 0.044993408 s
Chunk 3, length = 10, time = 0.044502325 s
Chunk 4, length = 10, time = 0.042570468 s
Chunk 5, length = 10, time = 0.04499603 s
Chunk 6, length = 10, time = 0.04404189 s
Chunk 7, length = 10, time = 0.042227738 s
Chunk 8, length = 10, time = 0.044272576 s
Chunk 9, length = 10, time = 0.04411373 s
Checking CUDA results...
Number of differences detected = 0
Summary for CPU
Run time / seconds
min = 4.504e-01, max = 4.804e-01, mean = 4.639e-01, std = 1.208e-02
Performance / (site updates per second)
min = 3.492e+08, max = 3.725e+08, mean = 3.618e+08, std = 9.389e+06
Summary for CUDA
Run time / seconds
min = 4.223e-02, max = 4.772e-02, mean = 4.442e-02, std = 1.496e-03
Performance / (site updates per second)
min = 3.516e+09, max = 3.973e+09, mean = 3.781e+09, std = 1.251e+08
Mon Apr 20 15:03:09 2026       
+-----------------------------------------------------------------------------------------+
| NVIDIA-SMI 570.124.06             Driver Version: 570.124.06     CUDA Version: 13.0     |
|-----------------------------------------+------------------------+----------------------+
| GPU  Name                 Persistence-M | Bus-Id          Disp.A | Volatile Uncorr. ECC |
| Fan  Temp   Perf          Pwr:Usage/Cap |           Memory-Usage | GPU-Util  Compute M. |
|                                         |                        |               MIG M. |
|=========================================+========================+======================|
|   0  NVIDIA A100-SXM4-80GB          Off |   00000000:05:00.0 Off |                    0 |
| N/A   35C    P0            113W /  400W |       1MiB /  81920MiB |      0%      Default |
|                                         |                        |             Disabled |
+-----------------------------------------+------------------------+----------------------+
                                                                                         
+-----------------------------------------------------------------------------------------+
| Processes:                                                                              |
|  GPU   GI   CI              PID   Type   Process name                        GPU Memory |
|        ID   ID                                                               Usage      |
|=========================================================================================|
|  No running processes found                                                             |
+-----------------------------------------------------------------------------------------+
