=== shape 1024^3 on 4 GPUs ===
ASPP wave simulator starting
Process geometry: [1, 1, 1]
Initialising CPU simulation from parameters...
Grid shape: [512, 512, 512]
Grid spacing: 10 m
Time step: 0.002 s
Number of steps: 100
Output period: 10
Initial pressure field is pulse in middle of domain
Speed of sound is simple ocean depth model
Damping field to avoid reflections in x & y directions (large quiet ocean)
IO off, skipping
Initialising CUDA simulation as copy of CPU...
IO off, skipping
Starting run with CPU, timing in 10 chunks
Chunk 0, length = 10, time = 3.260661 s
Chunk 1, length = 10, time = 3.3028393 s
Chunk 2, length = 10, time = 3.3144026 s
Chunk 3, length = 10, time = 3.2827291 s
Chunk 4, length = 10, time = 3.44078 s
Chunk 5, length = 10, time = 3.3924294 s
Chunk 6, length = 10, time = 3.3913038 s
Chunk 7, length = 10, time = 3.3501089 s
Chunk 8, length = 10, time = 3.3476076 s
Chunk 9, length = 10, time = 3.3380373 s
Starting run with CUDA, timing in 10 chunks
Chunk 0, length = 10, time = 0.45202664 s
Chunk 1, length = 10, time = 0.3463596 s
Chunk 2, length = 10, time = 0.3636479 s
Chunk 3, length = 10, time = 0.3587816 s
Chunk 4, length = 10, time = 0.3456914 s
Chunk 5, length = 10, time = 0.36001244 s
Chunk 6, length = 10, time = 0.36163688 s
Chunk 7, length = 10, time = 0.34749782 s
Chunk 8, length = 10, time = 0.36606663 s
Chunk 9, length = 10, time = 0.3589235 s
Checking CUDA results...
Number of differences detected = 0
Summary for CPU
Run time / seconds
min = 3.261e+00, max = 3.441e+00, mean = 3.342e+00, std = 5.504e-02
Performance / (site updates per second)
min = 3.901e+08, max = 4.116e+08, mean = 4.017e+08, std = 6.591e+06
Summary for CUDA
Run time / seconds
min = 3.457e-01, max = 4.520e-01, mean = 3.661e-01, std = 3.110e-02
Performance / (site updates per second)
min = 2.969e+09, max = 3.883e+09, mean = 3.687e+09, std = 2.641e+08
Mon Apr 20 15:06:04 2026       
+-----------------------------------------------------------------------------------------+
| NVIDIA-SMI 570.124.06             Driver Version: 570.124.06     CUDA Version: 13.0     |
|-----------------------------------------+------------------------+----------------------+
| GPU  Name                 Persistence-M | Bus-Id          Disp.A | Volatile Uncorr. ECC |
| Fan  Temp   Perf          Pwr:Usage/Cap |           Memory-Usage | GPU-Util  Compute M. |
|                                         |                        |               MIG M. |
|=========================================+========================+======================|
|   0  NVIDIA A100-SXM4-80GB          Off |   00000000:05:00.0 Off |                    0 |
| N/A   36C    P0            113W /  400W |       1MiB /  81920MiB |      0%      Default |
|                                         |                        |             Disabled |
+-----------------------------------------+------------------------+----------------------+
                                                                                         
+-----------------------------------------------------------------------------------------+
| Processes:                                                                              |
|  GPU   GI   CI              PID   Type   Process name                        GPU Memory |
|        ID   ID                                                               Usage      |
|=========================================================================================|
|  No running processes found                                                             |
+-----------------------------------------------------------------------------------------+
