=== shape 1024^3 on 4 GPUs ===
ASPP wave simulator starting
Process geometry: [2, 2, 1]
Initialising CPU simulation from parameters...
Grid shape: [128, 128, 128]
Grid spacing: 10 m
Time step: 0.002 s
Number of steps: 100
Output period: 10
Initial pressure field is pulse in middle of domain
Speed of sound is simple ocean depth model
Damping field to avoid reflections in x & y directions (large quiet ocean)
IO off, skipping
Initialising CUDA simulation as copy of CPU...
IO off, skipping
Starting run with CPU, timing in 10 chunks
Chunk 0, length = 10, time = 0.01346042 s
Chunk 1, length = 10, time = 0.00979213 s
Chunk 2, length = 10, time = 0.009250194 s
Chunk 3, length = 10, time = 0.009129365 s
Chunk 4, length = 10, time = 0.009009071 s
Chunk 5, length = 10, time = 0.009006855 s
Chunk 6, length = 10, time = 0.008780491 s
Chunk 7, length = 10, time = 0.008773247 s
Chunk 8, length = 10, time = 0.008903021 s
Chunk 9, length = 10, time = 0.008928458 s
Starting run with CUDA, timing in 10 chunks
Chunk 0, length = 10, time = 0.004027894 s
Chunk 1, length = 10, time = 0.003199298 s
Chunk 2, length = 10, time = 0.003192357 s
Chunk 3, length = 10, time = 0.003133555 s
Chunk 4, length = 10, time = 0.003135558 s
Chunk 5, length = 10, time = 0.003274671 s
Chunk 6, length = 10, time = 0.003110151 s
Chunk 7, length = 10, time = 0.003131932 s
Chunk 8, length = 10, time = 0.00317357 s
Chunk 9, length = 10, time = 0.00493021 s
Checking CUDA results...
Number of differences detected = 0
Summary for CPU
Run time / seconds
min = 8.772e-03, max = 1.345e-02, mean = 9.501e-03, std = 1.418e-03
Performance / (site updates per second)
min = 1.559e+09, max = 2.391e+09, mean = 2.241e+09, std = 2.501e+08
Summary for CUDA
Run time / seconds
min = 3.109e-03, max = 4.929e-03, mean = 3.430e-03, std = 5.937e-04
Performance / (site updates per second)
min = 4.255e+09, max = 6.746e+09, mean = 6.244e+09, std = 8.339e+08
Mon Apr 20 15:37:26 2026       
+-----------------------------------------------------------------------------------------+
| NVIDIA-SMI 570.124.06             Driver Version: 570.124.06     CUDA Version: 13.0     |
|-----------------------------------------+------------------------+----------------------+
| GPU  Name                 Persistence-M | Bus-Id          Disp.A | Volatile Uncorr. ECC |
| Fan  Temp   Perf          Pwr:Usage/Cap |           Memory-Usage | GPU-Util  Compute M. |
|                                         |                        |               MIG M. |
|=========================================+========================+======================|
|   0  NVIDIA A100-SXM4-80GB          Off |   00000000:05:00.0 Off |                    0 |
| N/A   32C    P0             84W /  400W |       1MiB /  81920MiB |      0%      Default |
|                                         |                        |             Disabled |
+-----------------------------------------+------------------------+----------------------+
|   1  NVIDIA A100-SXM4-80GB          Off |   00000000:06:00.0 Off |                    0 |
| N/A   34C    P0             86W /  400W |       1MiB /  81920MiB |      0%      Default |
|                                         |                        |             Disabled |
+-----------------------------------------+------------------------+----------------------+
|   2  NVIDIA A100-SXM4-80GB          Off |   00000000:07:00.0 Off |                    0 |
| N/A   32C    P0             82W /  400W |       1MiB /  81920MiB |      0%      Default |
|                                         |                        |             Disabled |
+-----------------------------------------+------------------------+----------------------+
|   3  NVIDIA A100-SXM4-80GB          Off |   00000000:08:00.0 Off |                    0 |
| N/A   35C    P0             87W /  400W |       1MiB /  81920MiB |      0%      Default |
|                                         |                        |             Disabled |
+-----------------------------------------+------------------------+----------------------+
                                                                                         
+-----------------------------------------------------------------------------------------+
| Processes:                                                                              |
|  GPU   GI   CI              PID   Type   Process name                        GPU Memory |
|        ID   ID                                                               Usage      |
|=========================================================================================|
|  No running processes found                                                             |
+-----------------------------------------------------------------------------------------+
