=== shape 1024^3 on 4 GPUs ===
ASPP wave simulator starting
Process geometry: [1, 1, 1]
Initialising CPU simulation from parameters...
Grid shape: [256, 256, 256]
Grid spacing: 10 m
Time step: 0.002 s
Number of steps: 100
Output period: 10
Initial pressure field is pulse in middle of domain
Speed of sound is simple ocean depth model
Damping field to avoid reflections in x & y directions (large quiet ocean)
IO off, skipping
Initialising CUDA simulation as copy of CPU...
IO off, skipping
Starting run with CPU, timing in 10 chunks
Chunk 0, length = 10, time = 0.93320525 s
Chunk 1, length = 10, time = 0.85832167 s
Chunk 2, length = 10, time = 0.84528214 s
Chunk 3, length = 10, time = 0.84642315 s
Chunk 4, length = 10, time = 0.84634477 s
Chunk 5, length = 10, time = 0.8458239 s
Chunk 6, length = 10, time = 0.84473825 s
Chunk 7, length = 10, time = 0.84528494 s
Chunk 8, length = 10, time = 0.84460825 s
Chunk 9, length = 10, time = 0.8434484 s
Starting run with CUDA, timing in 10 chunks
Chunk 0, length = 10, time = 0.05112441 s
Chunk 1, length = 10, time = 0.05063119 s
Chunk 2, length = 10, time = 0.04916408 s
Chunk 3, length = 10, time = 0.04930362 s
Chunk 4, length = 10, time = 0.049210012 s
Chunk 5, length = 10, time = 0.049331713 s
Chunk 6, length = 10, time = 0.049241953 s
Chunk 7, length = 10, time = 0.049105205 s
Chunk 8, length = 10, time = 0.049419474 s
Chunk 9, length = 10, time = 0.048884246 s
Checking CUDA results...
Number of differences detected = 0
Summary for CPU
Run time / seconds
min = 8.434e-01, max = 9.332e-01, mean = 8.553e-01, std = 2.768e-02
Performance / (site updates per second)
min = 1.798e+08, max = 1.989e+08, mean = 1.963e+08, std = 5.891e+06
Summary for CUDA
Run time / seconds
min = 4.888e-02, max = 5.112e-02, mean = 4.954e-02, std = 7.282e-04
Performance / (site updates per second)
min = 3.282e+09, max = 3.432e+09, mean = 3.387e+09, std = 4.881e+07
Mon Apr 20 12:15:22 2026       
+-----------------------------------------------------------------------------------------+
| NVIDIA-SMI 570.124.06             Driver Version: 570.124.06     CUDA Version: 13.0     |
|-----------------------------------------+------------------------+----------------------+
| GPU  Name                 Persistence-M | Bus-Id          Disp.A | Volatile Uncorr. ECC |
| Fan  Temp   Perf          Pwr:Usage/Cap |           Memory-Usage | GPU-Util  Compute M. |
|                                         |                        |               MIG M. |
|=========================================+========================+======================|
|   0  NVIDIA H100 80GB HBM3          Off |   00000000:10:00.0 Off |                    0 |
| N/A   34C    P0            173W /  700W |       1MiB /  81559MiB |      0%      Default |
|                                         |                        |             Disabled |
+-----------------------------------------+------------------------+----------------------+
                                                                                         
+-----------------------------------------------------------------------------------------+
| Processes:                                                                              |
|  GPU   GI   CI              PID   Type   Process name                        GPU Memory |
|        ID   ID                                                               Usage      |
|=========================================================================================|
|  No running processes found                                                             |
+-----------------------------------------------------------------------------------------+
