=== shape 1024^3 on 4 GPUs ===
ASPP wave simulator starting
Process geometry: [2, 1, 1]
Initialising CPU simulation from parameters...
Grid shape: [256, 256, 256]
Grid spacing: 10 m
Time step: 0.002 s
Number of steps: 100
Output period: 10
Initial pressure field is pulse in middle of domain
Speed of sound is simple ocean depth model
Damping field to avoid reflections in x & y directions (large quiet ocean)
IO off, skipping
Initialising CUDA simulation as copy of CPU...
IO off, skipping
Starting run with CPU, timing in 10 chunks
Chunk 0, length = 10, time = 0.43403405 s
Chunk 1, length = 10, time = 0.44409347 s
Chunk 2, length = 10, time = 0.45655555 s
Chunk 3, length = 10, time = 0.45352215 s
Chunk 4, length = 10, time = 0.45894882 s
Chunk 5, length = 10, time = 0.4593836 s
Chunk 6, length = 10, time = 0.45792657 s
Chunk 7, length = 10, time = 0.4324181 s
Chunk 8, length = 10, time = 0.42488652 s
Chunk 9, length = 10, time = 0.4300121 s
Starting run with CUDA, timing in 10 chunks
Chunk 0, length = 10, time = 0.025498904 s
Chunk 1, length = 10, time = 0.024316924 s
Chunk 2, length = 10, time = 0.023795417 s
Chunk 3, length = 10, time = 0.023832576 s
Chunk 4, length = 10, time = 0.024275456 s
Chunk 5, length = 10, time = 0.023701156 s
Chunk 6, length = 10, time = 0.023751268 s
Chunk 7, length = 10, time = 0.02370662 s
Chunk 8, length = 10, time = 0.023721104 s
Chunk 9, length = 10, time = 0.023808092 s
Checking CUDA results...
Number of differences detected = 0
Summary for CPU
Run time / seconds
min = 4.249e-01, max = 4.594e-01, mean = 4.452e-01, std = 1.367e-02
Performance / (site updates per second)
min = 3.652e+08, max = 3.949e+08, mean = 3.772e+08, std = 1.168e+07
Summary for CUDA
Run time / seconds
min = 2.370e-02, max = 2.550e-02, mean = 2.404e-02, std = 5.608e-04
Performance / (site updates per second)
min = 6.580e+09, max = 7.079e+09, mean = 6.983e+09, std = 1.562e+08
Mon Apr 20 12:41:53 2026       
+-----------------------------------------------------------------------------------------+
| NVIDIA-SMI 570.124.06             Driver Version: 570.124.06     CUDA Version: 13.0     |
|-----------------------------------------+------------------------+----------------------+
| GPU  Name                 Persistence-M | Bus-Id          Disp.A | Volatile Uncorr. ECC |
| Fan  Temp   Perf          Pwr:Usage/Cap |           Memory-Usage | GPU-Util  Compute M. |
|                                         |                        |               MIG M. |
|=========================================+========================+======================|
|   0  NVIDIA H100 80GB HBM3          Off |   00000000:05:00.0 Off |                    0 |
| N/A   32C    P0            158W /  700W |       1MiB /  81559MiB |      1%      Default |
|                                         |                        |             Disabled |
+-----------------------------------------+------------------------+----------------------+
|   1  NVIDIA H100 80GB HBM3          Off |   00000000:10:00.0 Off |                    0 |
| N/A   34C    P0            155W /  700W |       1MiB /  81559MiB |      0%      Default |
|                                         |                        |             Disabled |
+-----------------------------------------+------------------------+----------------------+
                                                                                         
+-----------------------------------------------------------------------------------------+
| Processes:                                                                              |
|  GPU   GI   CI              PID   Type   Process name                        GPU Memory |
|        ID   ID                                                               Usage      |
|=========================================================================================|
|  No running processes found                                                             |
+-----------------------------------------------------------------------------------------+
