=== shape 1024^3 on 4 GPUs ===
ASPP wave simulator starting
Process geometry: [2, 2, 1]
Initialising CPU simulation from parameters...
Grid shape: [256, 256, 256]
Grid spacing: 10 m
Time step: 0.002 s
Number of steps: 100
Output period: 10
Initial pressure field is pulse in middle of domain
Speed of sound is simple ocean depth model
Damping field to avoid reflections in x & y directions (large quiet ocean)
IO off, skipping
Initialising CUDA simulation as copy of CPU...
IO off, skipping
Starting run with CPU, timing in 10 chunks
Chunk 0, length = 10, time = 0.17581671 s
Chunk 1, length = 10, time = 0.15744428 s
Chunk 2, length = 10, time = 0.15760206 s
Chunk 3, length = 10, time = 0.15694796 s
Chunk 4, length = 10, time = 0.15790102 s
Chunk 5, length = 10, time = 0.15772648 s
Chunk 6, length = 10, time = 0.15782699 s
Chunk 7, length = 10, time = 0.15944329 s
Chunk 8, length = 10, time = 0.1584801 s
Chunk 9, length = 10, time = 0.157214 s
Starting run with CUDA, timing in 10 chunks
Chunk 0, length = 10, time = 0.011585715 s
Chunk 1, length = 10, time = 0.010951404 s
Chunk 2, length = 10, time = 0.010992932 s
Chunk 3, length = 10, time = 0.010924495 s
Chunk 4, length = 10, time = 0.010996118 s
Chunk 5, length = 10, time = 0.011053507 s
Chunk 6, length = 10, time = 0.010928727 s
Chunk 7, length = 10, time = 0.011031531 s
Chunk 8, length = 10, time = 0.011047754 s
Chunk 9, length = 10, time = 0.011014343 s
Checking CUDA results...
Number of differences detected = 0
Summary for CPU
Run time / seconds
min = 1.569e-01, max = 1.758e-01, mean = 1.596e-01, std = 5.727e-03
Performance / (site updates per second)
min = 9.542e+08, max = 1.069e+09, mean = 1.052e+09, std = 3.469e+07
Summary for CUDA
Run time / seconds
min = 1.092e-02, max = 1.158e-02, mean = 1.105e-02, std = 1.927e-04
Performance / (site updates per second)
min = 1.448e+10, max = 1.536e+10, mean = 1.519e+10, std = 2.548e+08
Mon Apr 20 13:39:06 2026       
+-----------------------------------------------------------------------------------------+
| NVIDIA-SMI 570.124.06             Driver Version: 570.124.06     CUDA Version: 13.0     |
|-----------------------------------------+------------------------+----------------------+
| GPU  Name                 Persistence-M | Bus-Id          Disp.A | Volatile Uncorr. ECC |
| Fan  Temp   Perf          Pwr:Usage/Cap |           Memory-Usage | GPU-Util  Compute M. |
|                                         |                        |               MIG M. |
|=========================================+========================+======================|
|   0  NVIDIA H100 80GB HBM3          Off |   00000000:0A:00.0 Off |                    0 |
| N/A   35C    P0            129W /  700W |       1MiB /  81559MiB |      1%      Default |
|                                         |                        |             Disabled |
+-----------------------------------------+------------------------+----------------------+
|   1  NVIDIA H100 80GB HBM3          Off |   00000000:0B:00.0 Off |                    0 |
| N/A   28C    P0            120W /  700W |       1MiB /  81559MiB |      0%      Default |
|                                         |                        |             Disabled |
+-----------------------------------------+------------------------+----------------------+
|   2  NVIDIA H100 80GB HBM3          Off |   00000000:0C:00.0 Off |                    0 |
| N/A   37C    P0            125W /  700W |       1MiB /  81559MiB |      0%      Default |
|                                         |                        |             Disabled |
+-----------------------------------------+------------------------+----------------------+
|   3  NVIDIA H100 80GB HBM3          Off |   00000000:10:00.0 Off |                    0 |
| N/A   39C    P0            126W /  700W |       1MiB /  81559MiB |      0%      Default |
|                                         |                        |             Disabled |
+-----------------------------------------+------------------------+----------------------+
                                                                                         
+-----------------------------------------------------------------------------------------+
| Processes:                                                                              |
|  GPU   GI   CI              PID   Type   Process name                        GPU Memory |
|        ID   ID                                                               Usage      |
|=========================================================================================|
|  No running processes found                                                             |
+-----------------------------------------------------------------------------------------+
