=== shape 1024^3 on 4 GPUs ===
ASPP wave simulator starting
Process geometry: [2, 1, 1]
Initialising CPU simulation from parameters...
Grid shape: [512, 512, 512]
Grid spacing: 10 m
Time step: 0.002 s
Number of steps: 100
Output period: 10
Initial pressure field is pulse in middle of domain
Speed of sound is simple ocean depth model
Damping field to avoid reflections in x & y directions (large quiet ocean)
IO off, skipping
Initialising CUDA simulation as copy of CPU...
IO off, skipping
Starting run with CPU, timing in 10 chunks
Chunk 0, length = 10, time = 1.8030548 s
Chunk 1, length = 10, time = 1.783065 s
Chunk 2, length = 10, time = 1.7837982 s
Chunk 3, length = 10, time = 1.7909906 s
Chunk 4, length = 10, time = 1.7910384 s
Chunk 5, length = 10, time = 1.7941904 s
Chunk 6, length = 10, time = 1.8024985 s
Chunk 7, length = 10, time = 1.7912267 s
Chunk 8, length = 10, time = 1.7911764 s
Chunk 9, length = 10, time = 1.7911325 s
Starting run with CUDA, timing in 10 chunks
Chunk 0, length = 10, time = 0.22381872 s
Chunk 1, length = 10, time = 0.2074633 s
Chunk 2, length = 10, time = 0.21727695 s
Chunk 3, length = 10, time = 0.21881916 s
Chunk 4, length = 10, time = 0.20816983 s
Chunk 5, length = 10, time = 0.2172079 s
Chunk 6, length = 10, time = 0.21867219 s
Chunk 7, length = 10, time = 0.20622869 s
Chunk 8, length = 10, time = 0.21736462 s
Chunk 9, length = 10, time = 0.21867639 s
Checking CUDA results...
Number of differences detected = 0
Summary for CPU
Run time / seconds
min = 1.783e+00, max = 1.803e+00, mean = 1.792e+00, std = 6.565e-03
Performance / (site updates per second)
min = 7.444e+08, max = 7.527e+08, mean = 7.489e+08, std = 2.740e+06
Summary for CUDA
Run time / seconds
min = 2.062e-01, max = 2.238e-01, mean = 2.154e-01, std = 5.907e-03
Performance / (site updates per second)
min = 5.997e+09, max = 6.508e+09, mean = 6.236e+09, std = 1.735e+08
Mon Apr 20 15:25:53 2026       
+-----------------------------------------------------------------------------------------+
| NVIDIA-SMI 570.124.06             Driver Version: 570.124.06     CUDA Version: 13.0     |
|-----------------------------------------+------------------------+----------------------+
| GPU  Name                 Persistence-M | Bus-Id          Disp.A | Volatile Uncorr. ECC |
| Fan  Temp   Perf          Pwr:Usage/Cap |           Memory-Usage | GPU-Util  Compute M. |
|                                         |                        |               MIG M. |
|=========================================+========================+======================|
|   0  NVIDIA A100-SXM4-80GB          Off |   00000000:05:00.0 Off |                    0 |
| N/A   35C    P0            113W /  400W |       1MiB /  81920MiB |      0%      Default |
|                                         |                        |             Disabled |
+-----------------------------------------+------------------------+----------------------+
|   1  NVIDIA A100-SXM4-80GB          Off |   00000000:08:00.0 Off |                    0 |
| N/A   40C    P0            110W /  400W |       1MiB /  81920MiB |      6%      Default |
|                                         |                        |             Disabled |
+-----------------------------------------+------------------------+----------------------+
                                                                                         
+-----------------------------------------------------------------------------------------+
| Processes:                                                                              |
|  GPU   GI   CI              PID   Type   Process name                        GPU Memory |
|        ID   ID                                                               Usage      |
|=========================================================================================|
|  No running processes found                                                             |
+-----------------------------------------------------------------------------------------+
