=== shape 1024^3 on 4 GPUs ===
ASPP wave simulator starting
Process geometry: [1, 1, 1]
Initialising CPU simulation from parameters...
Grid shape: [128, 128, 128]
Grid spacing: 10 m
Time step: 0.002 s
Number of steps: 100
Output period: 10
Initial pressure field is pulse in middle of domain
Speed of sound is simple ocean depth model
Damping field to avoid reflections in x & y directions (large quiet ocean)
IO off, skipping
Initialising CUDA simulation as copy of CPU...
IO off, skipping
Starting run with CPU, timing in 10 chunks
Chunk 0, length = 10, time = 0.053533755 s
Chunk 1, length = 10, time = 0.052467924 s
Chunk 2, length = 10, time = 0.052976806 s
Chunk 3, length = 10, time = 0.05252657 s
Chunk 4, length = 10, time = 0.052441206 s
Chunk 5, length = 10, time = 0.052051943 s
Chunk 6, length = 10, time = 0.052001145 s
Chunk 7, length = 10, time = 0.05156733 s
Chunk 8, length = 10, time = 0.051720656 s
Chunk 9, length = 10, time = 0.05178074 s
Starting run with CUDA, timing in 10 chunks
Chunk 0, length = 10, time = 0.005295365 s
Chunk 1, length = 10, time = 0.004680265 s
Chunk 2, length = 10, time = 0.00466097 s
Chunk 3, length = 10, time = 0.004240834 s
Chunk 4, length = 10, time = 0.004579206 s
Chunk 5, length = 10, time = 0.004567475 s
Chunk 6, length = 10, time = 0.004586248 s
Chunk 7, length = 10, time = 0.005075683 s
Chunk 8, length = 10, time = 0.004560711 s
Chunk 9, length = 10, time = 0.00457066 s
Checking CUDA results...
Number of differences detected = 0
Summary for CPU
Run time / seconds
min = 5.157e-02, max = 5.353e-02, mean = 5.231e-02, std = 6.121e-04
Performance / (site updates per second)
min = 3.917e+08, max = 4.067e+08, mean = 4.010e+08, std = 4.657e+06
Summary for CUDA
Run time / seconds
min = 4.241e-03, max = 5.295e-03, mean = 4.682e-03, std = 2.956e-04
Performance / (site updates per second)
min = 3.960e+09, max = 4.945e+09, mean = 4.495e+09, std = 2.713e+08
Mon Apr 20 14:56:48 2026       
+-----------------------------------------------------------------------------------------+
| NVIDIA-SMI 570.124.06             Driver Version: 570.124.06     CUDA Version: 13.0     |
|-----------------------------------------+------------------------+----------------------+
| GPU  Name                 Persistence-M | Bus-Id          Disp.A | Volatile Uncorr. ECC |
| Fan  Temp   Perf          Pwr:Usage/Cap |           Memory-Usage | GPU-Util  Compute M. |
|                                         |                        |               MIG M. |
|=========================================+========================+======================|
|   0  NVIDIA A100-SXM4-80GB          Off |   00000000:07:00.0 Off |                    0 |
| N/A   30C    P0             88W /  400W |       1MiB /  81920MiB |     18%      Default |
|                                         |                        |             Disabled |
+-----------------------------------------+------------------------+----------------------+
                                                                                         
+-----------------------------------------------------------------------------------------+
| Processes:                                                                              |
|  GPU   GI   CI              PID   Type   Process name                        GPU Memory |
|        ID   ID                                                               Usage      |
|=========================================================================================|
|  No running processes found                                                             |
+-----------------------------------------------------------------------------------------+
