=== shape 1024^3 on 4 GPUs ===
ASPP wave simulator starting
Process geometry: [1, 1, 1]
Initialising CPU simulation from parameters...
Grid shape: [1024, 1024, 1024]
Grid spacing: 10 m
Time step: 0.002 s
Number of steps: 100
Output period: 10
Initial pressure field is pulse in middle of domain
Speed of sound is simple ocean depth model
Damping field to avoid reflections in x & y directions (large quiet ocean)
IO off, skipping
Initialising CUDA simulation as copy of CPU...
IO off, skipping
Starting run with CPU, timing in 10 chunks
Chunk 0, length = 10, time = 21.266815 s
Chunk 1, length = 10, time = 21.796743 s
Chunk 2, length = 10, time = 21.46823 s
Chunk 3, length = 10, time = 21.441109 s
Chunk 4, length = 10, time = 21.439816 s
Chunk 5, length = 10, time = 21.359682 s
Chunk 6, length = 10, time = 21.422346 s
Chunk 7, length = 10, time = 21.404596 s
Chunk 8, length = 10, time = 21.313393 s
Chunk 9, length = 10, time = 21.418425 s
Starting run with CUDA, timing in 10 chunks
Chunk 0, length = 10, time = 2.828623 s
Chunk 1, length = 10, time = 2.8139799 s
Chunk 2, length = 10, time = 2.8519013 s
Chunk 3, length = 10, time = 2.8326542 s
Chunk 4, length = 10, time = 2.8151612 s
Chunk 5, length = 10, time = 3.0118856 s
Chunk 6, length = 10, time = 2.8234956 s
Chunk 7, length = 10, time = 2.81684 s
Chunk 8, length = 10, time = 2.8529458 s
Chunk 9, length = 10, time = 2.8228583 s
Checking CUDA results...
Number of differences detected = 0
Summary for CPU
Run time / seconds
min = 2.127e+01, max = 2.180e+01, mean = 2.143e+01, std = 1.422e-01
Performance / (site updates per second)
min = 4.926e+08, max = 5.049e+08, mean = 5.010e+08, std = 3.290e+06
Summary for CUDA
Run time / seconds
min = 2.814e+00, max = 3.012e+00, mean = 2.847e+00, std = 5.957e-02
Performance / (site updates per second)
min = 3.565e+09, max = 3.816e+09, mean = 3.773e+09, std = 7.536e+07
Mon Apr 20 15:17:29 2026       
+-----------------------------------------------------------------------------------------+
| NVIDIA-SMI 570.124.06             Driver Version: 570.124.06     CUDA Version: 13.0     |
|-----------------------------------------+------------------------+----------------------+
| GPU  Name                 Persistence-M | Bus-Id          Disp.A | Volatile Uncorr. ECC |
| Fan  Temp   Perf          Pwr:Usage/Cap |           Memory-Usage | GPU-Util  Compute M. |
|                                         |                        |               MIG M. |
|=========================================+========================+======================|
|   0  NVIDIA A100-SXM4-80GB          Off |   00000000:08:00.0 Off |                    0 |
| N/A   49C    P0             94W /  400W |       1MiB /  81920MiB |      0%      Default |
|                                         |                        |             Disabled |
+-----------------------------------------+------------------------+----------------------+
                                                                                         
+-----------------------------------------------------------------------------------------+
| Processes:                                                                              |
|  GPU   GI   CI              PID   Type   Process name                        GPU Memory |
|        ID   ID                                                               Usage      |
|=========================================================================================|
|  No running processes found                                                             |
+-----------------------------------------------------------------------------------------+
