=== shape 1024^3 on 4 GPUs ===
ASPP wave simulator starting
Process geometry: [2, 1, 1]
Initialising CPU simulation from parameters...
Grid shape: [256, 256, 256]
Grid spacing: 10 m
Time step: 0.002 s
Number of steps: 100
Output period: 10
Initial pressure field is pulse in middle of domain
Speed of sound is simple ocean depth model
Damping field to avoid reflections in x & y directions (large quiet ocean)
IO off, skipping
Initialising CUDA simulation as copy of CPU...
IO off, skipping
Starting run with CPU, timing in 10 chunks
Chunk 0, length = 10, time = 0.21086177 s
Chunk 1, length = 10, time = 0.2063638 s
Chunk 2, length = 10, time = 0.20694989 s
Chunk 3, length = 10, time = 0.21327706 s
Chunk 4, length = 10, time = 0.21281491 s
Chunk 5, length = 10, time = 0.20637898 s
Chunk 6, length = 10, time = 0.2081128 s
Chunk 7, length = 10, time = 0.20828004 s
Chunk 8, length = 10, time = 0.20754856 s
Chunk 9, length = 10, time = 0.21648683 s
Starting run with CUDA, timing in 10 chunks
Chunk 0, length = 10, time = 0.025759846 s
Chunk 1, length = 10, time = 0.023213305 s
Chunk 2, length = 10, time = 0.024317324 s
Chunk 3, length = 10, time = 0.024799632 s
Chunk 4, length = 10, time = 0.022717118 s
Chunk 5, length = 10, time = 0.02422439 s
Chunk 6, length = 10, time = 0.024095409 s
Chunk 7, length = 10, time = 0.023272004 s
Chunk 8, length = 10, time = 0.02442246 s
Chunk 9, length = 10, time = 0.024404049 s
Checking CUDA results...
Number of differences detected = 0
Summary for CPU
Run time / seconds
min = 2.064e-01, max = 2.165e-01, mean = 2.097e-01, std = 3.477e-03
Performance / (site updates per second)
min = 7.750e+08, max = 8.130e+08, mean = 8.002e+08, std = 1.311e+07
Summary for CUDA
Run time / seconds
min = 2.272e-02, max = 2.576e-02, mean = 2.412e-02, std = 8.745e-04
Performance / (site updates per second)
min = 6.513e+09, max = 7.386e+09, mean = 6.964e+09, std = 2.523e+08
Mon Apr 20 15:23:23 2026       
+-----------------------------------------------------------------------------------------+
| NVIDIA-SMI 570.124.06             Driver Version: 570.124.06     CUDA Version: 13.0     |
|-----------------------------------------+------------------------+----------------------+
| GPU  Name                 Persistence-M | Bus-Id          Disp.A | Volatile Uncorr. ECC |
| Fan  Temp   Perf          Pwr:Usage/Cap |           Memory-Usage | GPU-Util  Compute M. |
|                                         |                        |               MIG M. |
|=========================================+========================+======================|
|   0  NVIDIA A100-SXM4-80GB          Off |   00000000:05:00.0 Off |                    0 |
| N/A   35C    P0            112W /  400W |       1MiB /  81920MiB |      6%      Default |
|                                         |                        |             Disabled |
+-----------------------------------------+------------------------+----------------------+
|   1  NVIDIA A100-SXM4-80GB          Off |   00000000:08:00.0 Off |                    0 |
| N/A   38C    P0            110W /  400W |       1MiB /  81920MiB |      0%      Default |
|                                         |                        |             Disabled |
+-----------------------------------------+------------------------+----------------------+
                                                                                         
+-----------------------------------------------------------------------------------------+
| Processes:                                                                              |
|  GPU   GI   CI              PID   Type   Process name                        GPU Memory |
|        ID   ID                                                               Usage      |
|=========================================================================================|
|  No running processes found                                                             |
+-----------------------------------------------------------------------------------------+
